{"C:\\Users\\admin\\Desktop\\ANDELA\\my_BRAND_BackEnd_Martha\\index.js": {"path":"C:\\Users\\admin\\Desktop\\ANDELA\\my_BRAND_BackEnd_Martha\\index.js","statementMap":{"0":{"start":{"line":1,"column":16},"end":{"line":1,"column":34}},"1":{"start":{"line":2,"column":27},"end":{"line":2,"column":64}},"2":{"start":{"line":3,"column":13},"end":{"line":3,"column":28}},"3":{"start":{"line":4,"column":15},"end":{"line":4,"column":32}},"4":{"start":{"line":5,"column":18},"end":{"line":5,"column":47}},"5":{"start":{"line":6,"column":21},"end":{"line":6,"column":45}},"6":{"start":{"line":7,"column":21},"end":{"line":7,"column":62}},"7":{"start":{"line":8,"column":18},"end":{"line":8,"column":56}},"8":{"start":{"line":9,"column":18},"end":{"line":9,"column":56}},"9":{"start":{"line":11,"column":15},"end":{"line":11,"column":32}},"10":{"start":{"line":12,"column":12},"end":{"line":12,"column":21}},"11":{"start":{"line":13,"column":13},"end":{"line":13,"column":29}},"12":{"start":{"line":16,"column":0},"end":{"line":16,"column":16}},"13":{"start":{"line":17,"column":0},"end":{"line":17,"column":24}},"14":{"start":{"line":18,"column":0},"end":{"line":18,"column":16}},"15":{"start":{"line":22,"column":0},"end":{"line":30,"column":2}},"16":{"start":{"line":23,"column":42},"end":{"line":23,"column":50}},"17":{"start":{"line":24,"column":4},"end":{"line":27,"column":5}},"18":{"start":{"line":25,"column":8},"end":{"line":25,"column":27}},"19":{"start":{"line":26,"column":8},"end":{"line":26,"column":14}},"20":{"start":{"line":29,"column":4},"end":{"line":29,"column":27}},"21":{"start":{"line":31,"column":0},"end":{"line":39,"column":2}},"22":{"start":{"line":32,"column":42},"end":{"line":32,"column":50}},"23":{"start":{"line":33,"column":4},"end":{"line":36,"column":5}},"24":{"start":{"line":34,"column":8},"end":{"line":34,"column":27}},"25":{"start":{"line":35,"column":8},"end":{"line":35,"column":14}},"26":{"start":{"line":38,"column":4},"end":{"line":38,"column":27}},"27":{"start":{"line":40,"column":0},"end":{"line":48,"column":2}},"28":{"start":{"line":41,"column":32},"end":{"line":41,"column":40}},"29":{"start":{"line":42,"column":4},"end":{"line":45,"column":5}},"30":{"start":{"line":43,"column":8},"end":{"line":43,"column":27}},"31":{"start":{"line":44,"column":8},"end":{"line":44,"column":14}},"32":{"start":{"line":47,"column":4},"end":{"line":47,"column":27}},"33":{"start":{"line":49,"column":0},"end":{"line":57,"column":2}},"34":{"start":{"line":50,"column":42},"end":{"line":50,"column":50}},"35":{"start":{"line":51,"column":4},"end":{"line":54,"column":5}},"36":{"start":{"line":52,"column":8},"end":{"line":52,"column":27}},"37":{"start":{"line":53,"column":8},"end":{"line":53,"column":14}},"38":{"start":{"line":56,"column":4},"end":{"line":56,"column":27}},"39":{"start":{"line":60,"column":0},"end":{"line":68,"column":2}},"40":{"start":{"line":61,"column":45},"end":{"line":61,"column":53}},"41":{"start":{"line":62,"column":4},"end":{"line":65,"column":5}},"42":{"start":{"line":63,"column":8},"end":{"line":63,"column":27}},"43":{"start":{"line":64,"column":8},"end":{"line":64,"column":14}},"44":{"start":{"line":67,"column":4},"end":{"line":67,"column":27}},"45":{"start":{"line":69,"column":0},"end":{"line":77,"column":2}},"46":{"start":{"line":70,"column":45},"end":{"line":70,"column":53}},"47":{"start":{"line":71,"column":4},"end":{"line":74,"column":5}},"48":{"start":{"line":72,"column":8},"end":{"line":72,"column":27}},"49":{"start":{"line":73,"column":8},"end":{"line":73,"column":14}},"50":{"start":{"line":76,"column":4},"end":{"line":76,"column":27}},"51":{"start":{"line":78,"column":0},"end":{"line":86,"column":2}},"52":{"start":{"line":79,"column":45},"end":{"line":79,"column":53}},"53":{"start":{"line":80,"column":4},"end":{"line":83,"column":5}},"54":{"start":{"line":81,"column":8},"end":{"line":81,"column":27}},"55":{"start":{"line":82,"column":8},"end":{"line":82,"column":14}},"56":{"start":{"line":85,"column":4},"end":{"line":85,"column":27}},"57":{"start":{"line":87,"column":0},"end":{"line":95,"column":6}},"58":{"start":{"line":88,"column":49},"end":{"line":88,"column":57}},"59":{"start":{"line":89,"column":8},"end":{"line":92,"column":9}},"60":{"start":{"line":90,"column":12},"end":{"line":90,"column":31}},"61":{"start":{"line":91,"column":12},"end":{"line":91,"column":18}},"62":{"start":{"line":94,"column":8},"end":{"line":94,"column":31}},"63":{"start":{"line":97,"column":0},"end":{"line":105,"column":2}},"64":{"start":{"line":98,"column":32},"end":{"line":98,"column":40}},"65":{"start":{"line":99,"column":4},"end":{"line":102,"column":5}},"66":{"start":{"line":100,"column":8},"end":{"line":100,"column":27}},"67":{"start":{"line":101,"column":8},"end":{"line":101,"column":14}},"68":{"start":{"line":104,"column":4},"end":{"line":104,"column":27}},"69":{"start":{"line":106,"column":0},"end":{"line":114,"column":2}},"70":{"start":{"line":107,"column":32},"end":{"line":107,"column":40}},"71":{"start":{"line":108,"column":4},"end":{"line":111,"column":5}},"72":{"start":{"line":109,"column":8},"end":{"line":109,"column":27}},"73":{"start":{"line":110,"column":8},"end":{"line":110,"column":14}},"74":{"start":{"line":113,"column":4},"end":{"line":113,"column":27}},"75":{"start":{"line":115,"column":0},"end":{"line":123,"column":2}},"76":{"start":{"line":116,"column":32},"end":{"line":116,"column":40}},"77":{"start":{"line":117,"column":4},"end":{"line":120,"column":5}},"78":{"start":{"line":118,"column":8},"end":{"line":118,"column":27}},"79":{"start":{"line":119,"column":8},"end":{"line":119,"column":14}},"80":{"start":{"line":122,"column":4},"end":{"line":122,"column":27}},"81":{"start":{"line":124,"column":0},"end":{"line":132,"column":2}},"82":{"start":{"line":125,"column":32},"end":{"line":125,"column":40}},"83":{"start":{"line":126,"column":4},"end":{"line":129,"column":5}},"84":{"start":{"line":127,"column":8},"end":{"line":127,"column":27}},"85":{"start":{"line":128,"column":8},"end":{"line":128,"column":14}},"86":{"start":{"line":131,"column":4},"end":{"line":131,"column":27}},"87":{"start":{"line":135,"column":16},"end":{"line":167,"column":1}},"88":{"start":{"line":169,"column":14},"end":{"line":169,"column":35}},"89":{"start":{"line":170,"column":0},"end":{"line":186,"column":2}},"90":{"start":{"line":172,"column":4},"end":{"line":172,"column":34}},"91":{"start":{"line":173,"column":4},"end":{"line":173,"column":31}},"92":{"start":{"line":175,"column":4},"end":{"line":175,"column":30}},"93":{"start":{"line":176,"column":4},"end":{"line":178,"column":6}},"94":{"start":{"line":177,"column":8},"end":{"line":177,"column":59}},"95":{"start":{"line":179,"column":4},"end":{"line":179,"column":66}},"96":{"start":{"line":181,"column":4},"end":{"line":183,"column":6}},"97":{"start":{"line":182,"column":8},"end":{"line":182,"column":56}},"98":{"start":{"line":185,"column":4},"end":{"line":185,"column":22}},"99":{"start":{"line":188,"column":0},"end":{"line":188,"column":20}}},"fnMap":{"0":{"name":"(anonymous_0)","decl":{"start":{"line":22,"column":19},"end":{"line":22,"column":20}},"loc":{"start":{"line":22,"column":38},"end":{"line":30,"column":1}},"line":22},"1":{"name":"(anonymous_1)","decl":{"start":{"line":31,"column":18},"end":{"line":31,"column":19}},"loc":{"start":{"line":31,"column":37},"end":{"line":39,"column":1}},"line":31},"2":{"name":"(anonymous_2)","decl":{"start":{"line":40,"column":20},"end":{"line":40,"column":21}},"loc":{"start":{"line":40,"column":39},"end":{"line":48,"column":1}},"line":40},"3":{"name":"(anonymous_3)","decl":{"start":{"line":49,"column":21},"end":{"line":49,"column":22}},"loc":{"start":{"line":49,"column":40},"end":{"line":57,"column":1}},"line":49},"4":{"name":"(anonymous_4)","decl":{"start":{"line":60,"column":22},"end":{"line":60,"column":23}},"loc":{"start":{"line":60,"column":41},"end":{"line":68,"column":1}},"line":60},"5":{"name":"(anonymous_5)","decl":{"start":{"line":69,"column":21},"end":{"line":69,"column":22}},"loc":{"start":{"line":69,"column":40},"end":{"line":77,"column":1}},"line":69},"6":{"name":"(anonymous_6)","decl":{"start":{"line":78,"column":23},"end":{"line":78,"column":24}},"loc":{"start":{"line":78,"column":42},"end":{"line":86,"column":1}},"line":78},"7":{"name":"(anonymous_7)","decl":{"start":{"line":87,"column":24},"end":{"line":87,"column":25}},"loc":{"start":{"line":87,"column":43},"end":{"line":95,"column":5}},"line":87},"8":{"name":"(anonymous_8)","decl":{"start":{"line":97,"column":19},"end":{"line":97,"column":20}},"loc":{"start":{"line":97,"column":38},"end":{"line":105,"column":1}},"line":97},"9":{"name":"(anonymous_9)","decl":{"start":{"line":106,"column":18},"end":{"line":106,"column":19}},"loc":{"start":{"line":106,"column":37},"end":{"line":114,"column":1}},"line":106},"10":{"name":"(anonymous_10)","decl":{"start":{"line":115,"column":20},"end":{"line":115,"column":21}},"loc":{"start":{"line":115,"column":39},"end":{"line":123,"column":1}},"line":115},"11":{"name":"(anonymous_11)","decl":{"start":{"line":124,"column":21},"end":{"line":124,"column":22}},"loc":{"start":{"line":124,"column":40},"end":{"line":132,"column":1}},"line":124},"12":{"name":"(anonymous_12)","decl":{"start":{"line":170,"column":26},"end":{"line":170,"column":27}},"loc":{"start":{"line":170,"column":32},"end":{"line":184,"column":1}},"line":170},"13":{"name":"(anonymous_13)","decl":{"start":{"line":176,"column":17},"end":{"line":176,"column":18}},"loc":{"start":{"line":176,"column":31},"end":{"line":178,"column":5}},"line":176},"14":{"name":"(anonymous_14)","decl":{"start":{"line":181,"column":33},"end":{"line":181,"column":34}},"loc":{"start":{"line":181,"column":39},"end":{"line":183,"column":5}},"line":181},"15":{"name":"(anonymous_15)","decl":{"start":{"line":184,"column":9},"end":{"line":184,"column":10}},"loc":{"start":{"line":184,"column":20},"end":{"line":186,"column":1}},"line":184}},"branchMap":{"0":{"loc":{"start":{"line":24,"column":4},"end":{"line":27,"column":5}},"type":"if","locations":[{"start":{"line":24,"column":4},"end":{"line":27,"column":5}},{"start":{},"end":{}}],"line":24},"1":{"loc":{"start":{"line":24,"column":8},"end":{"line":24,"column":40}},"type":"binary-expr","locations":[{"start":{"line":24,"column":8},"end":{"line":24,"column":17}},{"start":{"line":24,"column":21},"end":{"line":24,"column":27}},{"start":{"line":24,"column":31},"end":{"line":24,"column":40}}],"line":24},"2":{"loc":{"start":{"line":33,"column":4},"end":{"line":36,"column":5}},"type":"if","locations":[{"start":{"line":33,"column":4},"end":{"line":36,"column":5}},{"start":{},"end":{}}],"line":33},"3":{"loc":{"start":{"line":33,"column":8},"end":{"line":33,"column":40}},"type":"binary-expr","locations":[{"start":{"line":33,"column":8},"end":{"line":33,"column":17}},{"start":{"line":33,"column":21},"end":{"line":33,"column":27}},{"start":{"line":33,"column":31},"end":{"line":33,"column":40}}],"line":33},"4":{"loc":{"start":{"line":42,"column":4},"end":{"line":45,"column":5}},"type":"if","locations":[{"start":{"line":42,"column":4},"end":{"line":45,"column":5}},{"start":{},"end":{}}],"line":42},"5":{"loc":{"start":{"line":42,"column":8},"end":{"line":42,"column":27}},"type":"binary-expr","locations":[{"start":{"line":42,"column":8},"end":{"line":42,"column":14}},{"start":{"line":42,"column":18},"end":{"line":42,"column":27}}],"line":42},"6":{"loc":{"start":{"line":51,"column":4},"end":{"line":54,"column":5}},"type":"if","locations":[{"start":{"line":51,"column":4},"end":{"line":54,"column":5}},{"start":{},"end":{}}],"line":51},"7":{"loc":{"start":{"line":51,"column":8},"end":{"line":51,"column":40}},"type":"binary-expr","locations":[{"start":{"line":51,"column":8},"end":{"line":51,"column":17}},{"start":{"line":51,"column":21},"end":{"line":51,"column":27}},{"start":{"line":51,"column":31},"end":{"line":51,"column":40}}],"line":51},"8":{"loc":{"start":{"line":62,"column":4},"end":{"line":65,"column":5}},"type":"if","locations":[{"start":{"line":62,"column":4},"end":{"line":65,"column":5}},{"start":{},"end":{}}],"line":62},"9":{"loc":{"start":{"line":62,"column":8},"end":{"line":62,"column":46}},"type":"binary-expr","locations":[{"start":{"line":62,"column":8},"end":{"line":62,"column":14}},{"start":{"line":62,"column":18},"end":{"line":62,"column":24}},{"start":{"line":62,"column":28},"end":{"line":62,"column":34}},{"start":{"line":62,"column":38},"end":{"line":62,"column":46}}],"line":62},"10":{"loc":{"start":{"line":71,"column":4},"end":{"line":74,"column":5}},"type":"if","locations":[{"start":{"line":71,"column":4},"end":{"line":74,"column":5}},{"start":{},"end":{}}],"line":71},"11":{"loc":{"start":{"line":71,"column":8},"end":{"line":71,"column":46}},"type":"binary-expr","locations":[{"start":{"line":71,"column":8},"end":{"line":71,"column":14}},{"start":{"line":71,"column":18},"end":{"line":71,"column":24}},{"start":{"line":71,"column":28},"end":{"line":71,"column":34}},{"start":{"line":71,"column":38},"end":{"line":71,"column":46}}],"line":71},"12":{"loc":{"start":{"line":80,"column":4},"end":{"line":83,"column":5}},"type":"if","locations":[{"start":{"line":80,"column":4},"end":{"line":83,"column":5}},{"start":{},"end":{}}],"line":80},"13":{"loc":{"start":{"line":80,"column":8},"end":{"line":80,"column":46}},"type":"binary-expr","locations":[{"start":{"line":80,"column":8},"end":{"line":80,"column":14}},{"start":{"line":80,"column":18},"end":{"line":80,"column":24}},{"start":{"line":80,"column":28},"end":{"line":80,"column":34}},{"start":{"line":80,"column":38},"end":{"line":80,"column":46}}],"line":80},"14":{"loc":{"start":{"line":89,"column":8},"end":{"line":92,"column":9}},"type":"if","locations":[{"start":{"line":89,"column":8},"end":{"line":92,"column":9}},{"start":{},"end":{}}],"line":89},"15":{"loc":{"start":{"line":89,"column":12},"end":{"line":89,"column":50}},"type":"binary-expr","locations":[{"start":{"line":89,"column":12},"end":{"line":89,"column":18}},{"start":{"line":89,"column":22},"end":{"line":89,"column":28}},{"start":{"line":89,"column":32},"end":{"line":89,"column":38}},{"start":{"line":89,"column":42},"end":{"line":89,"column":50}}],"line":89},"16":{"loc":{"start":{"line":99,"column":4},"end":{"line":102,"column":5}},"type":"if","locations":[{"start":{"line":99,"column":4},"end":{"line":102,"column":5}},{"start":{},"end":{}}],"line":99},"17":{"loc":{"start":{"line":99,"column":8},"end":{"line":99,"column":27}},"type":"binary-expr","locations":[{"start":{"line":99,"column":8},"end":{"line":99,"column":14}},{"start":{"line":99,"column":18},"end":{"line":99,"column":27}}],"line":99},"18":{"loc":{"start":{"line":108,"column":4},"end":{"line":111,"column":5}},"type":"if","locations":[{"start":{"line":108,"column":4},"end":{"line":111,"column":5}},{"start":{},"end":{}}],"line":108},"19":{"loc":{"start":{"line":108,"column":8},"end":{"line":108,"column":27}},"type":"binary-expr","locations":[{"start":{"line":108,"column":8},"end":{"line":108,"column":14}},{"start":{"line":108,"column":18},"end":{"line":108,"column":27}}],"line":108},"20":{"loc":{"start":{"line":117,"column":4},"end":{"line":120,"column":5}},"type":"if","locations":[{"start":{"line":117,"column":4},"end":{"line":120,"column":5}},{"start":{},"end":{}}],"line":117},"21":{"loc":{"start":{"line":117,"column":8},"end":{"line":117,"column":27}},"type":"binary-expr","locations":[{"start":{"line":117,"column":8},"end":{"line":117,"column":14}},{"start":{"line":117,"column":18},"end":{"line":117,"column":27}}],"line":117},"22":{"loc":{"start":{"line":126,"column":4},"end":{"line":129,"column":5}},"type":"if","locations":[{"start":{"line":126,"column":4},"end":{"line":129,"column":5}},{"start":{},"end":{}}],"line":126},"23":{"loc":{"start":{"line":126,"column":8},"end":{"line":126,"column":27}},"type":"binary-expr","locations":[{"start":{"line":126,"column":8},"end":{"line":126,"column":14}},{"start":{"line":126,"column":18},"end":{"line":126,"column":27}}],"line":126}},"s":{"0":3,"1":3,"2":3,"3":3,"4":3,"5":3,"6":3,"7":3,"8":3,"9":3,"10":3,"11":3,"12":3,"13":3,"14":3,"15":3,"16":7,"17":7,"18":4,"19":4,"20":3,"21":3,"22":3,"23":3,"24":0,"25":0,"26":3,"27":3,"28":3,"29":3,"30":0,"31":0,"32":3,"33":3,"34":3,"35":3,"36":0,"37":0,"38":3,"39":3,"40":7,"41":7,"42":4,"43":4,"44":3,"45":3,"46":3,"47":3,"48":0,"49":0,"50":3,"51":3,"52":3,"53":3,"54":0,"55":0,"56":3,"57":3,"58":3,"59":3,"60":0,"61":0,"62":3,"63":3,"64":6,"65":6,"66":3,"67":3,"68":3,"69":3,"70":3,"71":3,"72":0,"73":0,"74":3,"75":3,"76":3,"77":3,"78":0,"79":0,"80":3,"81":3,"82":3,"83":3,"84":0,"85":0,"86":3,"87":3,"88":3,"89":3,"90":0,"91":0,"92":0,"93":0,"94":0,"95":0,"96":0,"97":0,"98":0,"99":3},"f":{"0":7,"1":3,"2":3,"3":3,"4":7,"5":3,"6":3,"7":3,"8":6,"9":3,"10":3,"11":3,"12":0,"13":0,"14":0,"15":0},"b":{"0":[4,3],"1":[7,4,3],"2":[0,3],"3":[3,3,3],"4":[0,3],"5":[3,3],"6":[0,3],"7":[3,3,3],"8":[4,3],"9":[7,4,3,3],"10":[0,3],"11":[3,3,3,3],"12":[0,3],"13":[3,3,3,3],"14":[0,3],"15":[3,3,3,3],"16":[3,3],"17":[6,4],"18":[0,3],"19":[3,3],"20":[0,3],"21":[3,3],"22":[0,3],"23":[3,3]},"_coverageSchema":"1a1c01bbd47fc00a2c39e90264f33305004495a9","hash":"9f8865e5b14d4dd0a8195ab5a8a8f7e31212b125"}
,"C:\\Users\\admin\\Desktop\\ANDELA\\my_BRAND_BackEnd_Martha\\src\\controller\\blog.controller.js": {"path":"C:\\Users\\admin\\Desktop\\ANDELA\\my_BRAND_BackEnd_Martha\\src\\controller\\blog.controller.js","statementMap":{"0":{"start":{"line":1,"column":13},"end":{"line":1,"column":58}},"1":{"start":{"line":5,"column":8},"end":{"line":19,"column":9}},"2":{"start":{"line":8,"column":25},"end":{"line":13,"column":14}},"3":{"start":{"line":14,"column":12},"end":{"line":14,"column":30}},"4":{"start":{"line":15,"column":12},"end":{"line":15,"column":72}},"5":{"start":{"line":18,"column":12},"end":{"line":18,"column":61}},"6":{"start":{"line":22,"column":8},"end":{"line":39,"column":9}},"7":{"start":{"line":26,"column":32},"end":{"line":32,"column":29}},"8":{"start":{"line":33,"column":12},"end":{"line":36,"column":15}},"9":{"start":{"line":38,"column":12},"end":{"line":38,"column":59}},"10":{"start":{"line":45,"column":8},"end":{"line":54,"column":9}},"11":{"start":{"line":47,"column":31},"end":{"line":47,"column":65}},"12":{"start":{"line":48,"column":12},"end":{"line":51,"column":15}},"13":{"start":{"line":53,"column":12},"end":{"line":53,"column":59}},"14":{"start":{"line":60,"column":8},"end":{"line":69,"column":9}},"15":{"start":{"line":62,"column":29},"end":{"line":62,"column":46}},"16":{"start":{"line":63,"column":12},"end":{"line":66,"column":15}},"17":{"start":{"line":68,"column":12},"end":{"line":68,"column":59}},"18":{"start":{"line":73,"column":8},"end":{"line":83,"column":9}},"19":{"start":{"line":75,"column":32},"end":{"line":75,"column":83}},"20":{"start":{"line":76,"column":12},"end":{"line":80,"column":15}},"21":{"start":{"line":82,"column":12},"end":{"line":82,"column":59}},"22":{"start":{"line":86,"column":0},"end":{"line":86,"column":31}}},"fnMap":{"0":{"name":"(anonymous_0)","decl":{"start":{"line":4,"column":4},"end":{"line":4,"column":5}},"loc":{"start":{"line":4,"column":38},"end":{"line":20,"column":5}},"line":4},"1":{"name":"(anonymous_1)","decl":{"start":{"line":21,"column":4},"end":{"line":21,"column":5}},"loc":{"start":{"line":21,"column":38},"end":{"line":40,"column":5}},"line":21},"2":{"name":"(anonymous_2)","decl":{"start":{"line":44,"column":4},"end":{"line":44,"column":5}},"loc":{"start":{"line":44,"column":41},"end":{"line":55,"column":5}},"line":44},"3":{"name":"(anonymous_3)","decl":{"start":{"line":59,"column":4},"end":{"line":59,"column":5}},"loc":{"start":{"line":59,"column":39},"end":{"line":70,"column":5}},"line":59},"4":{"name":"(anonymous_4)","decl":{"start":{"line":72,"column":4},"end":{"line":72,"column":5}},"loc":{"start":{"line":72,"column":38},"end":{"line":84,"column":5}},"line":72}},"branchMap":{},"s":{"0":3,"1":0,"2":0,"3":0,"4":0,"5":0,"6":0,"7":0,"8":0,"9":0,"10":0,"11":0,"12":0,"13":0,"14":0,"15":0,"16":0,"17":0,"18":0,"19":0,"20":0,"21":0,"22":3},"f":{"0":0,"1":0,"2":0,"3":0,"4":0},"b":{},"_coverageSchema":"1a1c01bbd47fc00a2c39e90264f33305004495a9","hash":"75c25b1a64c745504a2374236a298fffc73dc497"}
,"C:\\Users\\admin\\Desktop\\ANDELA\\my_BRAND_BackEnd_Martha\\src\\controller\\message.controller.js": {"path":"C:\\Users\\admin\\Desktop\\ANDELA\\my_BRAND_BackEnd_Martha\\src\\controller\\message.controller.js","statementMap":{"0":{"start":{"line":1,"column":16},"end":{"line":1,"column":64}},"1":{"start":{"line":6,"column":8},"end":{"line":19,"column":9}},"2":{"start":{"line":7,"column":28},"end":{"line":13,"column":14}},"3":{"start":{"line":14,"column":12},"end":{"line":14,"column":33}},"4":{"start":{"line":15,"column":12},"end":{"line":15,"column":42}},"5":{"start":{"line":16,"column":12},"end":{"line":16,"column":54}},"6":{"start":{"line":18,"column":12},"end":{"line":18,"column":48}},"7":{"start":{"line":24,"column":8},"end":{"line":29,"column":9}},"8":{"start":{"line":25,"column":28},"end":{"line":25,"column":64}},"9":{"start":{"line":26,"column":12},"end":{"line":26,"column":41}},"10":{"start":{"line":28,"column":12},"end":{"line":28,"column":48}},"11":{"start":{"line":34,"column":12},"end":{"line":39,"column":13}},"12":{"start":{"line":35,"column":33},"end":{"line":35,"column":53}},"13":{"start":{"line":36,"column":16},"end":{"line":36,"column":46}},"14":{"start":{"line":38,"column":16},"end":{"line":38,"column":52}},"15":{"start":{"line":44,"column":8},"end":{"line":54,"column":9}},"16":{"start":{"line":46,"column":34},"end":{"line":46,"column":88}},"17":{"start":{"line":47,"column":12},"end":{"line":51,"column":15}},"18":{"start":{"line":53,"column":12},"end":{"line":53,"column":59}},"19":{"start":{"line":60,"column":8},"end":{"line":79,"column":9}},"20":{"start":{"line":64,"column":35},"end":{"line":72,"column":29}},"21":{"start":{"line":73,"column":12},"end":{"line":76,"column":15}},"22":{"start":{"line":78,"column":12},"end":{"line":78,"column":59}},"23":{"start":{"line":85,"column":0},"end":{"line":85,"column":35}}},"fnMap":{"0":{"name":"(anonymous_0)","decl":{"start":{"line":5,"column":4},"end":{"line":5,"column":5}},"loc":{"start":{"line":5,"column":41},"end":{"line":20,"column":5}},"line":5},"1":{"name":"(anonymous_1)","decl":{"start":{"line":23,"column":4},"end":{"line":23,"column":5}},"loc":{"start":{"line":23,"column":44},"end":{"line":30,"column":5}},"line":23},"2":{"name":"(anonymous_2)","decl":{"start":{"line":33,"column":4},"end":{"line":33,"column":5}},"loc":{"start":{"line":33,"column":42},"end":{"line":40,"column":9}},"line":33},"3":{"name":"(anonymous_3)","decl":{"start":{"line":43,"column":4},"end":{"line":43,"column":5}},"loc":{"start":{"line":43,"column":41},"end":{"line":55,"column":5}},"line":43},"4":{"name":"(anonymous_4)","decl":{"start":{"line":59,"column":4},"end":{"line":59,"column":5}},"loc":{"start":{"line":59,"column":41},"end":{"line":80,"column":5}},"line":59}},"branchMap":{},"s":{"0":3,"1":0,"2":0,"3":0,"4":0,"5":0,"6":0,"7":0,"8":0,"9":0,"10":0,"11":0,"12":0,"13":0,"14":0,"15":0,"16":0,"17":0,"18":0,"19":0,"20":0,"21":0,"22":0,"23":3},"f":{"0":0,"1":0,"2":0,"3":0,"4":0},"b":{},"_coverageSchema":"1a1c01bbd47fc00a2c39e90264f33305004495a9","hash":"2f23d1433ff23ca2b4183eeb094ce969dff3bc1a"}
,"C:\\Users\\admin\\Desktop\\ANDELA\\my_BRAND_BackEnd_Martha\\src\\controller\\user.controller.js": {"path":"C:\\Users\\admin\\Desktop\\ANDELA\\my_BRAND_BackEnd_Martha\\src\\controller\\user.controller.js","statementMap":{"0":{"start":{"line":1,"column":13},"end":{"line":1,"column":58}},"1":{"start":{"line":2,"column":15},"end":{"line":2,"column":32}},"2":{"start":{"line":3,"column":12},"end":{"line":3,"column":35}},"3":{"start":{"line":9,"column":8},"end":{"line":35,"column":9}},"4":{"start":{"line":11,"column":25},"end":{"line":11,"column":47}},"5":{"start":{"line":13,"column":35},"end":{"line":13,"column":77}},"6":{"start":{"line":15,"column":41},"end":{"line":15,"column":89}},"7":{"start":{"line":17,"column":25},"end":{"line":22,"column":14}},"8":{"start":{"line":23,"column":12},"end":{"line":23,"column":30}},"9":{"start":{"line":24,"column":12},"end":{"line":27,"column":15}},"10":{"start":{"line":28,"column":12},"end":{"line":28,"column":57}},"11":{"start":{"line":31,"column":12},"end":{"line":34,"column":15}},"12":{"start":{"line":39,"column":8},"end":{"line":72,"column":9}},"13":{"start":{"line":42,"column":25},"end":{"line":42,"column":70}},"14":{"start":{"line":44,"column":12},"end":{"line":49,"column":13}},"15":{"start":{"line":45,"column":16},"end":{"line":48,"column":19}},"16":{"start":{"line":51,"column":36},"end":{"line":51,"column":90}},"17":{"start":{"line":52,"column":12},"end":{"line":57,"column":13}},"18":{"start":{"line":53,"column":16},"end":{"line":56,"column":19}},"19":{"start":{"line":59,"column":26},"end":{"line":61,"column":14}},"20":{"start":{"line":62,"column":12},"end":{"line":62,"column":43}},"21":{"start":{"line":64,"column":12},"end":{"line":68,"column":15}},"22":{"start":{"line":70,"column":12},"end":{"line":70,"column":46}},"23":{"start":{"line":78,"column":12},"end":{"line":99,"column":13}},"24":{"start":{"line":80,"column":35},"end":{"line":80,"column":69}},"25":{"start":{"line":81,"column":16},"end":{"line":87,"column":17}},"26":{"start":{"line":82,"column":20},"end":{"line":85,"column":23}},"27":{"start":{"line":86,"column":20},"end":{"line":86,"column":27}},"28":{"start":{"line":89,"column":16},"end":{"line":92,"column":19}},"29":{"start":{"line":94,"column":16},"end":{"line":98,"column":19}},"30":{"start":{"line":103,"column":12},"end":{"line":114,"column":13}},"31":{"start":{"line":104,"column":30},"end":{"line":104,"column":47}},"32":{"start":{"line":105,"column":16},"end":{"line":108,"column":18}},"33":{"start":{"line":110,"column":16},"end":{"line":113,"column":19}},"34":{"start":{"line":118,"column":8},"end":{"line":121,"column":9}},"35":{"start":{"line":119,"column":25},"end":{"line":119,"column":49}},"36":{"start":{"line":120,"column":12},"end":{"line":120,"column":75}},"37":{"start":{"line":122,"column":8},"end":{"line":129,"column":9}},"38":{"start":{"line":123,"column":32},"end":{"line":125,"column":29}},"39":{"start":{"line":126,"column":12},"end":{"line":126,"column":46}},"40":{"start":{"line":128,"column":12},"end":{"line":128,"column":39}},"41":{"start":{"line":133,"column":8},"end":{"line":142,"column":9}},"42":{"start":{"line":134,"column":25},"end":{"line":134,"column":59}},"43":{"start":{"line":135,"column":12},"end":{"line":137,"column":13}},"44":{"start":{"line":136,"column":16},"end":{"line":136,"column":95}},"45":{"start":{"line":138,"column":12},"end":{"line":138,"column":56}},"46":{"start":{"line":139,"column":12},"end":{"line":139,"column":94}},"47":{"start":{"line":141,"column":12},"end":{"line":141,"column":76}},"48":{"start":{"line":146,"column":0},"end":{"line":146,"column":31}}},"fnMap":{"0":{"name":"(anonymous_0)","decl":{"start":{"line":7,"column":4},"end":{"line":7,"column":5}},"loc":{"start":{"line":7,"column":38},"end":{"line":37,"column":5}},"line":7},"1":{"name":"(anonymous_1)","decl":{"start":{"line":38,"column":4},"end":{"line":38,"column":5}},"loc":{"start":{"line":38,"column":33},"end":{"line":74,"column":5}},"line":38},"2":{"name":"(anonymous_2)","decl":{"start":{"line":77,"column":4},"end":{"line":77,"column":5}},"loc":{"start":{"line":77,"column":41},"end":{"line":100,"column":9}},"line":77},"3":{"name":"(anonymous_3)","decl":{"start":{"line":102,"column":4},"end":{"line":102,"column":5}},"loc":{"start":{"line":102,"column":39},"end":{"line":115,"column":9}},"line":102},"4":{"name":"(anonymous_4)","decl":{"start":{"line":117,"column":4},"end":{"line":117,"column":5}},"loc":{"start":{"line":117,"column":38},"end":{"line":130,"column":5}},"line":117},"5":{"name":"(anonymous_5)","decl":{"start":{"line":132,"column":4},"end":{"line":132,"column":5}},"loc":{"start":{"line":132,"column":38},"end":{"line":143,"column":5}},"line":132}},"branchMap":{"0":{"loc":{"start":{"line":44,"column":12},"end":{"line":49,"column":13}},"type":"if","locations":[{"start":{"line":44,"column":12},"end":{"line":49,"column":13}},{"start":{},"end":{}}],"line":44},"1":{"loc":{"start":{"line":44,"column":16},"end":{"line":44,"column":37}},"type":"binary-expr","locations":[{"start":{"line":44,"column":16},"end":{"line":44,"column":21}},{"start":{"line":44,"column":25},"end":{"line":44,"column":37}}],"line":44},"2":{"loc":{"start":{"line":52,"column":12},"end":{"line":57,"column":13}},"type":"if","locations":[{"start":{"line":52,"column":12},"end":{"line":57,"column":13}},{"start":{},"end":{}}],"line":52},"3":{"loc":{"start":{"line":81,"column":16},"end":{"line":87,"column":17}},"type":"if","locations":[{"start":{"line":81,"column":16},"end":{"line":87,"column":17}},{"start":{},"end":{}}],"line":81},"4":{"loc":{"start":{"line":118,"column":8},"end":{"line":121,"column":9}},"type":"if","locations":[{"start":{"line":118,"column":8},"end":{"line":121,"column":9}},{"start":{},"end":{}}],"line":118},"5":{"loc":{"start":{"line":135,"column":12},"end":{"line":137,"column":13}},"type":"if","locations":[{"start":{"line":135,"column":12},"end":{"line":137,"column":13}},{"start":{},"end":{}}],"line":135}},"s":{"0":3,"1":3,"2":3,"3":0,"4":0,"5":0,"6":0,"7":0,"8":0,"9":0,"10":0,"11":0,"12":0,"13":0,"14":0,"15":0,"16":0,"17":0,"18":0,"19":0,"20":0,"21":0,"22":0,"23":0,"24":0,"25":0,"26":0,"27":0,"28":0,"29":0,"30":0,"31":0,"32":0,"33":0,"34":0,"35":0,"36":0,"37":0,"38":0,"39":0,"40":0,"41":0,"42":0,"43":0,"44":0,"45":0,"46":0,"47":0,"48":3},"f":{"0":0,"1":0,"2":0,"3":0,"4":0,"5":0},"b":{"0":[0,0],"1":[0,0],"2":[0,0],"3":[0,0],"4":[0,0],"5":[0,0]},"_coverageSchema":"1a1c01bbd47fc00a2c39e90264f33305004495a9","hash":"46764a19d8d57334b452a1a898e965af7643074e"}
,"C:\\Users\\admin\\Desktop\\ANDELA\\my_BRAND_BackEnd_Martha\\src\\database\\dataBase.js": {"path":"C:\\Users\\admin\\Desktop\\ANDELA\\my_BRAND_BackEnd_Martha\\src\\database\\dataBase.js","statementMap":{"0":{"start":{"line":1,"column":17},"end":{"line":1,"column":36}},"1":{"start":{"line":2,"column":27},"end":{"line":16,"column":1}},"2":{"start":{"line":3,"column":4},"end":{"line":3,"column":39}},"3":{"start":{"line":5,"column":4},"end":{"line":15,"column":5}},"4":{"start":{"line":6,"column":8},"end":{"line":10,"column":11}},"5":{"start":{"line":11,"column":8},"end":{"line":11,"column":41}},"6":{"start":{"line":14,"column":8},"end":{"line":14,"column":32}},"7":{"start":{"line":19,"column":0},"end":{"line":19,"column":36}}},"fnMap":{"0":{"name":"(anonymous_0)","decl":{"start":{"line":2,"column":27},"end":{"line":2,"column":28}},"loc":{"start":{"line":2,"column":38},"end":{"line":16,"column":1}},"line":2}},"branchMap":{},"s":{"0":3,"1":3,"2":3,"3":3,"4":3,"5":0,"6":0,"7":3},"f":{"0":3},"b":{},"_coverageSchema":"1a1c01bbd47fc00a2c39e90264f33305004495a9","hash":"474a9e330f9b06137d2fa9a62b89688517ff6ab7"}
,"C:\\Users\\admin\\Desktop\\ANDELA\\my_BRAND_BackEnd_Martha\\src\\middleware\\Models\\blog.model.js": {"path":"C:\\Users\\admin\\Desktop\\ANDELA\\my_BRAND_BackEnd_Martha\\src\\middleware\\Models\\blog.model.js","statementMap":{"0":{"start":{"line":2,"column":17},"end":{"line":2,"column":36}},"1":{"start":{"line":4,"column":19},"end":{"line":16,"column":2}},"2":{"start":{"line":18,"column":13},"end":{"line":18,"column":47}},"3":{"start":{"line":20,"column":0},"end":{"line":20,"column":22}}},"fnMap":{},"branchMap":{},"s":{"0":3,"1":3,"2":3,"3":3},"f":{},"b":{},"_coverageSchema":"1a1c01bbd47fc00a2c39e90264f33305004495a9","hash":"0e180d1ef60b568e8f9c213b5bc17fb9ea1c1766"}
,"C:\\Users\\admin\\Desktop\\ANDELA\\my_BRAND_BackEnd_Martha\\src\\middleware\\Models\\message.model.js": {"path":"C:\\Users\\admin\\Desktop\\ANDELA\\my_BRAND_BackEnd_Martha\\src\\middleware\\Models\\message.model.js","statementMap":{"0":{"start":{"line":1,"column":17},"end":{"line":1,"column":36}},"1":{"start":{"line":3,"column":22},"end":{"line":26,"column":2}},"2":{"start":{"line":28,"column":16},"end":{"line":28,"column":56}},"3":{"start":{"line":30,"column":0},"end":{"line":30,"column":25}}},"fnMap":{},"branchMap":{},"s":{"0":3,"1":3,"2":3,"3":3},"f":{},"b":{},"_coverageSchema":"1a1c01bbd47fc00a2c39e90264f33305004495a9","hash":"709fe3e7734efde9d67fecd45d9687bed55b6a49"}
,"C:\\Users\\admin\\Desktop\\ANDELA\\my_BRAND_BackEnd_Martha\\src\\middleware\\Models\\user.model.js": {"path":"C:\\Users\\admin\\Desktop\\ANDELA\\my_BRAND_BackEnd_Martha\\src\\middleware\\Models\\user.model.js","statementMap":{"0":{"start":{"line":1,"column":17},"end":{"line":1,"column":36}},"1":{"start":{"line":4,"column":19},"end":{"line":40,"column":2}},"2":{"start":{"line":42,"column":13},"end":{"line":42,"column":47}},"3":{"start":{"line":43,"column":0},"end":{"line":43,"column":47}},"4":{"start":{"line":44,"column":0},"end":{"line":44,"column":21}}},"fnMap":{},"branchMap":{},"s":{"0":3,"1":3,"2":3,"3":3,"4":3},"f":{},"b":{},"_coverageSchema":"1a1c01bbd47fc00a2c39e90264f33305004495a9","hash":"fea3455d8e9d882efb06aa1ad5f7de7bd0e657fd"}
,"C:\\Users\\admin\\Desktop\\ANDELA\\my_BRAND_BackEnd_Martha\\src\\middlewares\\verify.admin.js": {"path":"C:\\Users\\admin\\Desktop\\ANDELA\\my_BRAND_BackEnd_Martha\\src\\middlewares\\verify.admin.js","statementMap":{"0":{"start":{"line":1,"column":13},"end":{"line":1,"column":58}},"1":{"start":{"line":2,"column":12},"end":{"line":2,"column":35}},"2":{"start":{"line":3,"column":15},"end":{"line":3,"column":32}},"3":{"start":{"line":4,"column":0},"end":{"line":4,"column":15}},"4":{"start":{"line":7,"column":20},"end":{"line":57,"column":1}},"5":{"start":{"line":8,"column":4},"end":{"line":56,"column":5}},"6":{"start":{"line":11,"column":28},"end":{"line":11,"column":53}},"7":{"start":{"line":12,"column":8},"end":{"line":12,"column":36}},"8":{"start":{"line":14,"column":8},"end":{"line":20,"column":9}},"9":{"start":{"line":16,"column":12},"end":{"line":19,"column":15}},"10":{"start":{"line":21,"column":45},"end":{"line":25,"column":10}},"11":{"start":{"line":23,"column":12},"end":{"line":23,"column":33}},"12":{"start":{"line":27,"column":8},"end":{"line":49,"column":9}},"13":{"start":{"line":28,"column":12},"end":{"line":28,"column":29}},"14":{"start":{"line":29,"column":12},"end":{"line":32,"column":15}},"15":{"start":{"line":35,"column":12},"end":{"line":35,"column":39}},"16":{"start":{"line":37,"column":32},"end":{"line":37,"column":69}},"17":{"start":{"line":38,"column":29},"end":{"line":38,"column":45}},"18":{"start":{"line":39,"column":12},"end":{"line":39,"column":36}},"19":{"start":{"line":41,"column":12},"end":{"line":46,"column":13}},"20":{"start":{"line":42,"column":16},"end":{"line":45,"column":18}},"21":{"start":{"line":48,"column":12},"end":{"line":48,"column":19}},"22":{"start":{"line":52,"column":8},"end":{"line":55,"column":11}},"23":{"start":{"line":59,"column":0},"end":{"line":59,"column":28}}},"fnMap":{"0":{"name":"(anonymous_0)","decl":{"start":{"line":7,"column":20},"end":{"line":7,"column":21}},"loc":{"start":{"line":7,"column":45},"end":{"line":57,"column":1}},"line":7},"1":{"name":"(anonymous_1)","decl":{"start":{"line":21,"column":93},"end":{"line":21,"column":94}},"loc":{"start":{"line":21,"column":109},"end":{"line":25,"column":9}},"line":21}},"branchMap":{"0":{"loc":{"start":{"line":14,"column":8},"end":{"line":20,"column":9}},"type":"if","locations":[{"start":{"line":14,"column":8},"end":{"line":20,"column":9}},{"start":{},"end":{}}],"line":14},"1":{"loc":{"start":{"line":27,"column":8},"end":{"line":49,"column":9}},"type":"if","locations":[{"start":{"line":27,"column":8},"end":{"line":49,"column":9}},{"start":{"line":33,"column":15},"end":{"line":49,"column":9}}],"line":27},"2":{"loc":{"start":{"line":41,"column":12},"end":{"line":46,"column":13}},"type":"if","locations":[{"start":{"line":41,"column":12},"end":{"line":46,"column":13}},{"start":{},"end":{}}],"line":41}},"s":{"0":3,"1":3,"2":3,"3":3,"4":3,"5":0,"6":0,"7":0,"8":0,"9":0,"10":0,"11":0,"12":0,"13":0,"14":0,"15":0,"16":0,"17":0,"18":0,"19":0,"20":0,"21":0,"22":0,"23":3},"f":{"0":0,"1":0},"b":{"0":[0,0],"1":[0,0],"2":[0,0]},"_coverageSchema":"1a1c01bbd47fc00a2c39e90264f33305004495a9","hash":"d9890ef8592c605071a6da3fed3695bc77acb5b6"}
,"C:\\Users\\admin\\Desktop\\ANDELA\\my_BRAND_BackEnd_Martha\\src\\routes\\blog.routes.js": {"path":"C:\\Users\\admin\\Desktop\\ANDELA\\my_BRAND_BackEnd_Martha\\src\\routes\\blog.routes.js","statementMap":{"0":{"start":{"line":1,"column":16},"end":{"line":1,"column":34}},"1":{"start":{"line":2,"column":23},"end":{"line":2,"column":66}},"2":{"start":{"line":3,"column":20},"end":{"line":3,"column":61}},"3":{"start":{"line":4,"column":18},"end":{"line":4,"column":34}},"4":{"start":{"line":93,"column":0},"end":{"line":93,"column":52}},"5":{"start":{"line":94,"column":0},"end":{"line":94,"column":52}},"6":{"start":{"line":120,"column":0},"end":{"line":120,"column":70}},"7":{"start":{"line":121,"column":0},"end":{"line":121,"column":58}},"8":{"start":{"line":140,"column":0},"end":{"line":140,"column":58}},"9":{"start":{"line":143,"column":0},"end":{"line":143,"column":27}}},"fnMap":{},"branchMap":{},"s":{"0":3,"1":3,"2":3,"3":3,"4":3,"5":3,"6":3,"7":3,"8":3,"9":3},"f":{},"b":{},"_coverageSchema":"1a1c01bbd47fc00a2c39e90264f33305004495a9","hash":"fc9fe222ab2de81e851fbf5db5d9bb99a1f7b6bc"}
,"C:\\Users\\admin\\Desktop\\ANDELA\\my_BRAND_BackEnd_Martha\\src\\routes\\message.routes.js": {"path":"C:\\Users\\admin\\Desktop\\ANDELA\\my_BRAND_BackEnd_Martha\\src\\routes\\message.routes.js","statementMap":{"0":{"start":{"line":1,"column":16},"end":{"line":1,"column":34}},"1":{"start":{"line":2,"column":26},"end":{"line":2,"column":72}},"2":{"start":{"line":4,"column":21},"end":{"line":4,"column":37}},"3":{"start":{"line":102,"column":0},"end":{"line":102,"column":64}},"4":{"start":{"line":103,"column":0},"end":{"line":103,"column":63}},"5":{"start":{"line":130,"column":0},"end":{"line":130,"column":68}},"6":{"start":{"line":131,"column":0},"end":{"line":131,"column":70}},"7":{"start":{"line":150,"column":0},"end":{"line":150,"column":69}},"8":{"start":{"line":152,"column":0},"end":{"line":152,"column":30}}},"fnMap":{},"branchMap":{},"s":{"0":3,"1":3,"2":3,"3":3,"4":3,"5":3,"6":3,"7":3,"8":3},"f":{},"b":{},"_coverageSchema":"1a1c01bbd47fc00a2c39e90264f33305004495a9","hash":"90579c5fd1482b3f072723962bac28402e4a8373"}
,"C:\\Users\\admin\\Desktop\\ANDELA\\my_BRAND_BackEnd_Martha\\src\\routes\\user.routes.js": {"path":"C:\\Users\\admin\\Desktop\\ANDELA\\my_BRAND_BackEnd_Martha\\src\\routes\\user.routes.js","statementMap":{"0":{"start":{"line":1,"column":16},"end":{"line":1,"column":34}},"1":{"start":{"line":2,"column":23},"end":{"line":2,"column":66}},"2":{"start":{"line":3,"column":13},"end":{"line":3,"column":58}},"3":{"start":{"line":4,"column":20},"end":{"line":4,"column":61}},"4":{"start":{"line":6,"column":18},"end":{"line":6,"column":34}},"5":{"start":{"line":131,"column":0},"end":{"line":131,"column":47}},"6":{"start":{"line":132,"column":0},"end":{"line":132,"column":53}},"7":{"start":{"line":133,"column":0},"end":{"line":133,"column":70}},"8":{"start":{"line":162,"column":0},"end":{"line":162,"column":79}},"9":{"start":{"line":163,"column":0},"end":{"line":163,"column":76}},"10":{"start":{"line":181,"column":0},"end":{"line":181,"column":76}},"11":{"start":{"line":183,"column":0},"end":{"line":183,"column":26}}},"fnMap":{},"branchMap":{},"s":{"0":3,"1":3,"2":3,"3":3,"4":3,"5":3,"6":3,"7":3,"8":3,"9":3,"10":3,"11":3},"f":{},"b":{},"_coverageSchema":"1a1c01bbd47fc00a2c39e90264f33305004495a9","hash":"92466953a96616fd89b7d9f047af4c2530e67973"}
}
