{"C:\\Users\\admin\\Desktop\\ANDELA\\my_BRAND_BackEnd_Martha\\index.js": {"path":"C:\\Users\\admin\\Desktop\\ANDELA\\my_BRAND_BackEnd_Martha\\index.js","statementMap":{"0":{"start":{"line":1,"column":16},"end":{"line":1,"column":34}},"1":{"start":{"line":2,"column":27},"end":{"line":2,"column":64}},"2":{"start":{"line":4,"column":15},"end":{"line":4,"column":32}},"3":{"start":{"line":5,"column":18},"end":{"line":5,"column":47}},"4":{"start":{"line":6,"column":21},"end":{"line":6,"column":45}},"5":{"start":{"line":7,"column":21},"end":{"line":7,"column":62}},"6":{"start":{"line":8,"column":18},"end":{"line":8,"column":56}},"7":{"start":{"line":9,"column":18},"end":{"line":9,"column":56}},"8":{"start":{"line":11,"column":15},"end":{"line":11,"column":32}},"9":{"start":{"line":12,"column":12},"end":{"line":12,"column":21}},"10":{"start":{"line":13,"column":13},"end":{"line":13,"column":29}},"11":{"start":{"line":17,"column":0},"end":{"line":17,"column":24}},"12":{"start":{"line":18,"column":0},"end":{"line":18,"column":16}},"13":{"start":{"line":21,"column":16},"end":{"line":53,"column":1}},"14":{"start":{"line":55,"column":14},"end":{"line":55,"column":35}},"15":{"start":{"line":56,"column":0},"end":{"line":72,"column":2}},"16":{"start":{"line":58,"column":4},"end":{"line":58,"column":34}},"17":{"start":{"line":59,"column":4},"end":{"line":59,"column":31}},"18":{"start":{"line":61,"column":4},"end":{"line":61,"column":30}},"19":{"start":{"line":62,"column":4},"end":{"line":64,"column":6}},"20":{"start":{"line":63,"column":8},"end":{"line":63,"column":53}},"21":{"start":{"line":65,"column":4},"end":{"line":65,"column":66}},"22":{"start":{"line":67,"column":4},"end":{"line":69,"column":6}},"23":{"start":{"line":68,"column":8},"end":{"line":68,"column":56}},"24":{"start":{"line":71,"column":4},"end":{"line":71,"column":22}},"25":{"start":{"line":74,"column":0},"end":{"line":74,"column":20}}},"fnMap":{"0":{"name":"(anonymous_0)","decl":{"start":{"line":56,"column":26},"end":{"line":56,"column":27}},"loc":{"start":{"line":56,"column":32},"end":{"line":70,"column":1}},"line":56},"1":{"name":"(anonymous_1)","decl":{"start":{"line":62,"column":17},"end":{"line":62,"column":18}},"loc":{"start":{"line":62,"column":31},"end":{"line":64,"column":5}},"line":62},"2":{"name":"(anonymous_2)","decl":{"start":{"line":67,"column":33},"end":{"line":67,"column":34}},"loc":{"start":{"line":67,"column":39},"end":{"line":69,"column":5}},"line":67},"3":{"name":"(anonymous_3)","decl":{"start":{"line":70,"column":9},"end":{"line":70,"column":10}},"loc":{"start":{"line":70,"column":20},"end":{"line":72,"column":1}},"line":70}},"branchMap":{},"s":{"0":1,"1":1,"2":1,"3":1,"4":1,"5":1,"6":1,"7":1,"8":1,"9":1,"10":1,"11":1,"12":1,"13":1,"14":1,"15":1,"16":0,"17":0,"18":0,"19":0,"20":0,"21":0,"22":0,"23":0,"24":0,"25":1},"f":{"0":0,"1":0,"2":0,"3":0},"b":{},"_coverageSchema":"1a1c01bbd47fc00a2c39e90264f33305004495a9","hash":"96aa94f6a042c7fb273642d5f3c8394ad85e272d"}
,"C:\\Users\\admin\\Desktop\\ANDELA\\my_BRAND_BackEnd_Martha\\src\\controller\\blog.controller.js": {"path":"C:\\Users\\admin\\Desktop\\ANDELA\\my_BRAND_BackEnd_Martha\\src\\controller\\blog.controller.js","statementMap":{"0":{"start":{"line":1,"column":13},"end":{"line":1,"column":58}},"1":{"start":{"line":5,"column":8},"end":{"line":19,"column":9}},"2":{"start":{"line":8,"column":25},"end":{"line":13,"column":14}},"3":{"start":{"line":14,"column":12},"end":{"line":14,"column":30}},"4":{"start":{"line":15,"column":12},"end":{"line":15,"column":72}},"5":{"start":{"line":18,"column":12},"end":{"line":18,"column":61}},"6":{"start":{"line":22,"column":8},"end":{"line":39,"column":9}},"7":{"start":{"line":26,"column":32},"end":{"line":32,"column":29}},"8":{"start":{"line":33,"column":12},"end":{"line":36,"column":15}},"9":{"start":{"line":38,"column":12},"end":{"line":38,"column":59}},"10":{"start":{"line":45,"column":8},"end":{"line":54,"column":9}},"11":{"start":{"line":47,"column":31},"end":{"line":47,"column":65}},"12":{"start":{"line":48,"column":12},"end":{"line":51,"column":15}},"13":{"start":{"line":53,"column":12},"end":{"line":53,"column":59}},"14":{"start":{"line":60,"column":8},"end":{"line":69,"column":9}},"15":{"start":{"line":62,"column":29},"end":{"line":62,"column":46}},"16":{"start":{"line":63,"column":12},"end":{"line":66,"column":15}},"17":{"start":{"line":68,"column":12},"end":{"line":68,"column":59}},"18":{"start":{"line":73,"column":8},"end":{"line":83,"column":9}},"19":{"start":{"line":75,"column":32},"end":{"line":75,"column":83}},"20":{"start":{"line":76,"column":12},"end":{"line":80,"column":15}},"21":{"start":{"line":82,"column":12},"end":{"line":82,"column":59}},"22":{"start":{"line":86,"column":0},"end":{"line":86,"column":31}}},"fnMap":{"0":{"name":"(anonymous_0)","decl":{"start":{"line":4,"column":4},"end":{"line":4,"column":5}},"loc":{"start":{"line":4,"column":38},"end":{"line":20,"column":5}},"line":4},"1":{"name":"(anonymous_1)","decl":{"start":{"line":21,"column":4},"end":{"line":21,"column":5}},"loc":{"start":{"line":21,"column":38},"end":{"line":40,"column":5}},"line":21},"2":{"name":"(anonymous_2)","decl":{"start":{"line":44,"column":4},"end":{"line":44,"column":5}},"loc":{"start":{"line":44,"column":41},"end":{"line":55,"column":5}},"line":44},"3":{"name":"(anonymous_3)","decl":{"start":{"line":59,"column":4},"end":{"line":59,"column":5}},"loc":{"start":{"line":59,"column":39},"end":{"line":70,"column":5}},"line":59},"4":{"name":"(anonymous_4)","decl":{"start":{"line":72,"column":4},"end":{"line":72,"column":5}},"loc":{"start":{"line":72,"column":38},"end":{"line":84,"column":5}},"line":72}},"branchMap":{},"s":{"0":1,"1":0,"2":0,"3":0,"4":0,"5":0,"6":0,"7":0,"8":0,"9":0,"10":0,"11":0,"12":0,"13":0,"14":0,"15":0,"16":0,"17":0,"18":0,"19":0,"20":0,"21":0,"22":1},"f":{"0":0,"1":0,"2":0,"3":0,"4":0},"b":{},"_coverageSchema":"1a1c01bbd47fc00a2c39e90264f33305004495a9","hash":"75c25b1a64c745504a2374236a298fffc73dc497"}
,"C:\\Users\\admin\\Desktop\\ANDELA\\my_BRAND_BackEnd_Martha\\src\\controller\\message.controller.js": {"path":"C:\\Users\\admin\\Desktop\\ANDELA\\my_BRAND_BackEnd_Martha\\src\\controller\\message.controller.js","statementMap":{"0":{"start":{"line":1,"column":16},"end":{"line":1,"column":64}},"1":{"start":{"line":6,"column":8},"end":{"line":19,"column":9}},"2":{"start":{"line":7,"column":28},"end":{"line":13,"column":14}},"3":{"start":{"line":14,"column":12},"end":{"line":14,"column":33}},"4":{"start":{"line":15,"column":12},"end":{"line":15,"column":42}},"5":{"start":{"line":16,"column":12},"end":{"line":16,"column":43}},"6":{"start":{"line":18,"column":12},"end":{"line":18,"column":48}},"7":{"start":{"line":24,"column":8},"end":{"line":29,"column":9}},"8":{"start":{"line":25,"column":28},"end":{"line":25,"column":64}},"9":{"start":{"line":26,"column":12},"end":{"line":26,"column":41}},"10":{"start":{"line":28,"column":12},"end":{"line":28,"column":48}},"11":{"start":{"line":34,"column":12},"end":{"line":39,"column":13}},"12":{"start":{"line":35,"column":33},"end":{"line":35,"column":53}},"13":{"start":{"line":36,"column":16},"end":{"line":36,"column":46}},"14":{"start":{"line":38,"column":16},"end":{"line":38,"column":52}},"15":{"start":{"line":44,"column":8},"end":{"line":54,"column":9}},"16":{"start":{"line":46,"column":34},"end":{"line":46,"column":88}},"17":{"start":{"line":47,"column":12},"end":{"line":51,"column":15}},"18":{"start":{"line":53,"column":12},"end":{"line":53,"column":59}},"19":{"start":{"line":60,"column":8},"end":{"line":79,"column":9}},"20":{"start":{"line":64,"column":35},"end":{"line":72,"column":29}},"21":{"start":{"line":73,"column":12},"end":{"line":76,"column":15}},"22":{"start":{"line":78,"column":12},"end":{"line":78,"column":59}},"23":{"start":{"line":85,"column":0},"end":{"line":85,"column":35}}},"fnMap":{"0":{"name":"(anonymous_0)","decl":{"start":{"line":5,"column":4},"end":{"line":5,"column":5}},"loc":{"start":{"line":5,"column":41},"end":{"line":20,"column":5}},"line":5},"1":{"name":"(anonymous_1)","decl":{"start":{"line":23,"column":4},"end":{"line":23,"column":5}},"loc":{"start":{"line":23,"column":44},"end":{"line":30,"column":5}},"line":23},"2":{"name":"(anonymous_2)","decl":{"start":{"line":33,"column":4},"end":{"line":33,"column":5}},"loc":{"start":{"line":33,"column":42},"end":{"line":40,"column":9}},"line":33},"3":{"name":"(anonymous_3)","decl":{"start":{"line":43,"column":4},"end":{"line":43,"column":5}},"loc":{"start":{"line":43,"column":41},"end":{"line":55,"column":5}},"line":43},"4":{"name":"(anonymous_4)","decl":{"start":{"line":59,"column":4},"end":{"line":59,"column":5}},"loc":{"start":{"line":59,"column":41},"end":{"line":80,"column":5}},"line":59}},"branchMap":{},"s":{"0":1,"1":0,"2":0,"3":0,"4":0,"5":0,"6":0,"7":0,"8":0,"9":0,"10":0,"11":0,"12":0,"13":0,"14":0,"15":0,"16":0,"17":0,"18":0,"19":0,"20":0,"21":0,"22":0,"23":1},"f":{"0":0,"1":0,"2":0,"3":0,"4":0},"b":{},"_coverageSchema":"1a1c01bbd47fc00a2c39e90264f33305004495a9","hash":"f5414b134792e3af82fb187033f167b6cb1975a6"}
,"C:\\Users\\admin\\Desktop\\ANDELA\\my_BRAND_BackEnd_Martha\\src\\controller\\user.controller.js": {"path":"C:\\Users\\admin\\Desktop\\ANDELA\\my_BRAND_BackEnd_Martha\\src\\controller\\user.controller.js","statementMap":{"0":{"start":{"line":1,"column":13},"end":{"line":1,"column":58}},"1":{"start":{"line":2,"column":15},"end":{"line":2,"column":32}},"2":{"start":{"line":3,"column":12},"end":{"line":3,"column":35}},"3":{"start":{"line":9,"column":8},"end":{"line":35,"column":9}},"4":{"start":{"line":11,"column":25},"end":{"line":11,"column":47}},"5":{"start":{"line":13,"column":35},"end":{"line":13,"column":77}},"6":{"start":{"line":15,"column":41},"end":{"line":15,"column":89}},"7":{"start":{"line":17,"column":25},"end":{"line":22,"column":14}},"8":{"start":{"line":23,"column":12},"end":{"line":23,"column":30}},"9":{"start":{"line":24,"column":12},"end":{"line":27,"column":15}},"10":{"start":{"line":28,"column":12},"end":{"line":28,"column":57}},"11":{"start":{"line":31,"column":12},"end":{"line":34,"column":15}},"12":{"start":{"line":39,"column":8},"end":{"line":72,"column":9}},"13":{"start":{"line":42,"column":25},"end":{"line":42,"column":70}},"14":{"start":{"line":44,"column":12},"end":{"line":49,"column":13}},"15":{"start":{"line":45,"column":16},"end":{"line":48,"column":19}},"16":{"start":{"line":51,"column":36},"end":{"line":51,"column":90}},"17":{"start":{"line":52,"column":12},"end":{"line":57,"column":13}},"18":{"start":{"line":53,"column":16},"end":{"line":56,"column":19}},"19":{"start":{"line":59,"column":26},"end":{"line":61,"column":14}},"20":{"start":{"line":62,"column":12},"end":{"line":62,"column":43}},"21":{"start":{"line":64,"column":12},"end":{"line":68,"column":15}},"22":{"start":{"line":70,"column":12},"end":{"line":70,"column":46}},"23":{"start":{"line":78,"column":12},"end":{"line":99,"column":13}},"24":{"start":{"line":80,"column":35},"end":{"line":80,"column":69}},"25":{"start":{"line":81,"column":16},"end":{"line":87,"column":17}},"26":{"start":{"line":82,"column":20},"end":{"line":85,"column":23}},"27":{"start":{"line":86,"column":20},"end":{"line":86,"column":27}},"28":{"start":{"line":89,"column":16},"end":{"line":92,"column":19}},"29":{"start":{"line":94,"column":16},"end":{"line":98,"column":19}},"30":{"start":{"line":103,"column":12},"end":{"line":114,"column":13}},"31":{"start":{"line":104,"column":30},"end":{"line":104,"column":47}},"32":{"start":{"line":105,"column":16},"end":{"line":108,"column":18}},"33":{"start":{"line":110,"column":16},"end":{"line":113,"column":19}},"34":{"start":{"line":118,"column":8},"end":{"line":121,"column":9}},"35":{"start":{"line":119,"column":25},"end":{"line":119,"column":49}},"36":{"start":{"line":120,"column":12},"end":{"line":120,"column":75}},"37":{"start":{"line":122,"column":8},"end":{"line":129,"column":9}},"38":{"start":{"line":123,"column":32},"end":{"line":125,"column":29}},"39":{"start":{"line":126,"column":12},"end":{"line":126,"column":46}},"40":{"start":{"line":128,"column":12},"end":{"line":128,"column":39}},"41":{"start":{"line":133,"column":8},"end":{"line":142,"column":9}},"42":{"start":{"line":134,"column":25},"end":{"line":134,"column":59}},"43":{"start":{"line":135,"column":12},"end":{"line":137,"column":13}},"44":{"start":{"line":136,"column":16},"end":{"line":136,"column":95}},"45":{"start":{"line":138,"column":12},"end":{"line":138,"column":56}},"46":{"start":{"line":139,"column":12},"end":{"line":139,"column":94}},"47":{"start":{"line":141,"column":12},"end":{"line":141,"column":76}},"48":{"start":{"line":146,"column":0},"end":{"line":146,"column":31}}},"fnMap":{"0":{"name":"(anonymous_0)","decl":{"start":{"line":7,"column":4},"end":{"line":7,"column":5}},"loc":{"start":{"line":7,"column":38},"end":{"line":37,"column":5}},"line":7},"1":{"name":"(anonymous_1)","decl":{"start":{"line":38,"column":4},"end":{"line":38,"column":5}},"loc":{"start":{"line":38,"column":33},"end":{"line":74,"column":5}},"line":38},"2":{"name":"(anonymous_2)","decl":{"start":{"line":77,"column":4},"end":{"line":77,"column":5}},"loc":{"start":{"line":77,"column":41},"end":{"line":100,"column":9}},"line":77},"3":{"name":"(anonymous_3)","decl":{"start":{"line":102,"column":4},"end":{"line":102,"column":5}},"loc":{"start":{"line":102,"column":39},"end":{"line":115,"column":9}},"line":102},"4":{"name":"(anonymous_4)","decl":{"start":{"line":117,"column":4},"end":{"line":117,"column":5}},"loc":{"start":{"line":117,"column":38},"end":{"line":130,"column":5}},"line":117},"5":{"name":"(anonymous_5)","decl":{"start":{"line":132,"column":4},"end":{"line":132,"column":5}},"loc":{"start":{"line":132,"column":38},"end":{"line":143,"column":5}},"line":132}},"branchMap":{"0":{"loc":{"start":{"line":44,"column":12},"end":{"line":49,"column":13}},"type":"if","locations":[{"start":{"line":44,"column":12},"end":{"line":49,"column":13}},{"start":{},"end":{}}],"line":44},"1":{"loc":{"start":{"line":52,"column":12},"end":{"line":57,"column":13}},"type":"if","locations":[{"start":{"line":52,"column":12},"end":{"line":57,"column":13}},{"start":{},"end":{}}],"line":52},"2":{"loc":{"start":{"line":81,"column":16},"end":{"line":87,"column":17}},"type":"if","locations":[{"start":{"line":81,"column":16},"end":{"line":87,"column":17}},{"start":{},"end":{}}],"line":81},"3":{"loc":{"start":{"line":118,"column":8},"end":{"line":121,"column":9}},"type":"if","locations":[{"start":{"line":118,"column":8},"end":{"line":121,"column":9}},{"start":{},"end":{}}],"line":118},"4":{"loc":{"start":{"line":135,"column":12},"end":{"line":137,"column":13}},"type":"if","locations":[{"start":{"line":135,"column":12},"end":{"line":137,"column":13}},{"start":{},"end":{}}],"line":135}},"s":{"0":1,"1":1,"2":1,"3":0,"4":0,"5":0,"6":0,"7":0,"8":0,"9":0,"10":0,"11":0,"12":0,"13":0,"14":0,"15":0,"16":0,"17":0,"18":0,"19":0,"20":0,"21":0,"22":0,"23":0,"24":0,"25":0,"26":0,"27":0,"28":0,"29":0,"30":0,"31":0,"32":0,"33":0,"34":0,"35":0,"36":0,"37":0,"38":0,"39":0,"40":0,"41":0,"42":0,"43":0,"44":0,"45":0,"46":0,"47":0,"48":1},"f":{"0":0,"1":0,"2":0,"3":0,"4":0,"5":0},"b":{"0":[0,0],"1":[0,0],"2":[0,0],"3":[0,0],"4":[0,0]},"_coverageSchema":"1a1c01bbd47fc00a2c39e90264f33305004495a9","hash":"978223c135e7cf45e8ad825c9bd92c5d5dd5f535"}
,"C:\\Users\\admin\\Desktop\\ANDELA\\my_BRAND_BackEnd_Martha\\src\\database\\dataBase.js": {"path":"C:\\Users\\admin\\Desktop\\ANDELA\\my_BRAND_BackEnd_Martha\\src\\database\\dataBase.js","statementMap":{"0":{"start":{"line":1,"column":17},"end":{"line":1,"column":36}},"1":{"start":{"line":2,"column":27},"end":{"line":16,"column":1}},"2":{"start":{"line":3,"column":4},"end":{"line":3,"column":39}},"3":{"start":{"line":5,"column":4},"end":{"line":15,"column":5}},"4":{"start":{"line":6,"column":8},"end":{"line":10,"column":11}},"5":{"start":{"line":11,"column":8},"end":{"line":11,"column":41}},"6":{"start":{"line":14,"column":8},"end":{"line":14,"column":32}},"7":{"start":{"line":19,"column":0},"end":{"line":19,"column":36}}},"fnMap":{"0":{"name":"(anonymous_0)","decl":{"start":{"line":2,"column":27},"end":{"line":2,"column":28}},"loc":{"start":{"line":2,"column":38},"end":{"line":16,"column":1}},"line":2}},"branchMap":{},"s":{"0":1,"1":1,"2":1,"3":1,"4":1,"5":0,"6":0,"7":1},"f":{"0":1},"b":{},"_coverageSchema":"1a1c01bbd47fc00a2c39e90264f33305004495a9","hash":"474a9e330f9b06137d2fa9a62b89688517ff6ab7"}
,"C:\\Users\\admin\\Desktop\\ANDELA\\my_BRAND_BackEnd_Martha\\src\\middleware\\Models\\blog.model.js": {"path":"C:\\Users\\admin\\Desktop\\ANDELA\\my_BRAND_BackEnd_Martha\\src\\middleware\\Models\\blog.model.js","statementMap":{"0":{"start":{"line":2,"column":17},"end":{"line":2,"column":36}},"1":{"start":{"line":4,"column":19},"end":{"line":19,"column":2}},"2":{"start":{"line":21,"column":13},"end":{"line":21,"column":47}},"3":{"start":{"line":23,"column":0},"end":{"line":23,"column":22}}},"fnMap":{},"branchMap":{},"s":{"0":1,"1":1,"2":1,"3":1},"f":{},"b":{},"_coverageSchema":"1a1c01bbd47fc00a2c39e90264f33305004495a9","hash":"3cdc6a72ac4ab0c7a97bf07a03c48cf5e201b3cb"}
,"C:\\Users\\admin\\Desktop\\ANDELA\\my_BRAND_BackEnd_Martha\\src\\middleware\\Models\\message.model.js": {"path":"C:\\Users\\admin\\Desktop\\ANDELA\\my_BRAND_BackEnd_Martha\\src\\middleware\\Models\\message.model.js","statementMap":{"0":{"start":{"line":1,"column":17},"end":{"line":1,"column":36}},"1":{"start":{"line":3,"column":22},"end":{"line":28,"column":2}},"2":{"start":{"line":30,"column":16},"end":{"line":30,"column":56}},"3":{"start":{"line":32,"column":0},"end":{"line":32,"column":25}}},"fnMap":{},"branchMap":{},"s":{"0":1,"1":1,"2":1,"3":1},"f":{},"b":{},"_coverageSchema":"1a1c01bbd47fc00a2c39e90264f33305004495a9","hash":"d6f3ae3c0b8b41aa89ca093e126d51a13eee69cb"}
,"C:\\Users\\admin\\Desktop\\ANDELA\\my_BRAND_BackEnd_Martha\\src\\middleware\\Models\\user.model.js": {"path":"C:\\Users\\admin\\Desktop\\ANDELA\\my_BRAND_BackEnd_Martha\\src\\middleware\\Models\\user.model.js","statementMap":{"0":{"start":{"line":1,"column":17},"end":{"line":1,"column":36}},"1":{"start":{"line":4,"column":19},"end":{"line":41,"column":2}},"2":{"start":{"line":43,"column":13},"end":{"line":43,"column":47}},"3":{"start":{"line":44,"column":0},"end":{"line":44,"column":21}}},"fnMap":{},"branchMap":{},"s":{"0":1,"1":1,"2":1,"3":1},"f":{},"b":{},"_coverageSchema":"1a1c01bbd47fc00a2c39e90264f33305004495a9","hash":"e8b3e15da178dbd225134d33fc85fd946e380dc8"}
,"C:\\Users\\admin\\Desktop\\ANDELA\\my_BRAND_BackEnd_Martha\\src\\middlewares\\verify.admin.js": {"path":"C:\\Users\\admin\\Desktop\\ANDELA\\my_BRAND_BackEnd_Martha\\src\\middlewares\\verify.admin.js","statementMap":{"0":{"start":{"line":1,"column":13},"end":{"line":1,"column":58}},"1":{"start":{"line":2,"column":12},"end":{"line":2,"column":35}},"2":{"start":{"line":3,"column":15},"end":{"line":3,"column":32}},"3":{"start":{"line":4,"column":0},"end":{"line":4,"column":15}},"4":{"start":{"line":7,"column":20},"end":{"line":37,"column":1}},"5":{"start":{"line":9,"column":24},"end":{"line":9,"column":49}},"6":{"start":{"line":10,"column":4},"end":{"line":15,"column":5}},"7":{"start":{"line":11,"column":8},"end":{"line":14,"column":11}},"8":{"start":{"line":16,"column":4},"end":{"line":36,"column":5}},"9":{"start":{"line":17,"column":29},"end":{"line":17,"column":76}},"10":{"start":{"line":18,"column":8},"end":{"line":18,"column":35}},"11":{"start":{"line":20,"column":28},"end":{"line":20,"column":65}},"12":{"start":{"line":21,"column":25},"end":{"line":21,"column":41}},"13":{"start":{"line":23,"column":8},"end":{"line":28,"column":9}},"14":{"start":{"line":24,"column":12},"end":{"line":27,"column":14}},"15":{"start":{"line":30,"column":8},"end":{"line":30,"column":15}},"16":{"start":{"line":32,"column":8},"end":{"line":35,"column":11}},"17":{"start":{"line":39,"column":0},"end":{"line":39,"column":28}}},"fnMap":{"0":{"name":"(anonymous_0)","decl":{"start":{"line":7,"column":20},"end":{"line":7,"column":21}},"loc":{"start":{"line":7,"column":45},"end":{"line":37,"column":1}},"line":7}},"branchMap":{"0":{"loc":{"start":{"line":10,"column":4},"end":{"line":15,"column":5}},"type":"if","locations":[{"start":{"line":10,"column":4},"end":{"line":15,"column":5}},{"start":{},"end":{}}],"line":10},"1":{"loc":{"start":{"line":23,"column":8},"end":{"line":28,"column":9}},"type":"if","locations":[{"start":{"line":23,"column":8},"end":{"line":28,"column":9}},{"start":{},"end":{}}],"line":23}},"s":{"0":1,"1":1,"2":1,"3":1,"4":1,"5":0,"6":0,"7":0,"8":0,"9":0,"10":0,"11":0,"12":0,"13":0,"14":0,"15":0,"16":0,"17":1},"f":{"0":0},"b":{"0":[0,0],"1":[0,0]},"_coverageSchema":"1a1c01bbd47fc00a2c39e90264f33305004495a9","hash":"a56045f8604e8b327adb8c914440fb10f29d0906"}
,"C:\\Users\\admin\\Desktop\\ANDELA\\my_BRAND_BackEnd_Martha\\src\\routes\\blog.routes.js": {"path":"C:\\Users\\admin\\Desktop\\ANDELA\\my_BRAND_BackEnd_Martha\\src\\routes\\blog.routes.js","statementMap":{"0":{"start":{"line":1,"column":16},"end":{"line":1,"column":34}},"1":{"start":{"line":2,"column":23},"end":{"line":2,"column":66}},"2":{"start":{"line":3,"column":20},"end":{"line":3,"column":61}},"3":{"start":{"line":4,"column":18},"end":{"line":4,"column":34}},"4":{"start":{"line":93,"column":0},"end":{"line":93,"column":52}},"5":{"start":{"line":94,"column":0},"end":{"line":94,"column":52}},"6":{"start":{"line":120,"column":0},"end":{"line":120,"column":70}},"7":{"start":{"line":121,"column":0},"end":{"line":121,"column":58}},"8":{"start":{"line":140,"column":0},"end":{"line":140,"column":58}},"9":{"start":{"line":143,"column":0},"end":{"line":143,"column":27}}},"fnMap":{},"branchMap":{},"s":{"0":1,"1":1,"2":1,"3":1,"4":1,"5":1,"6":1,"7":1,"8":1,"9":1},"f":{},"b":{},"_coverageSchema":"1a1c01bbd47fc00a2c39e90264f33305004495a9","hash":"fc9fe222ab2de81e851fbf5db5d9bb99a1f7b6bc"}
,"C:\\Users\\admin\\Desktop\\ANDELA\\my_BRAND_BackEnd_Martha\\src\\routes\\message.routes.js": {"path":"C:\\Users\\admin\\Desktop\\ANDELA\\my_BRAND_BackEnd_Martha\\src\\routes\\message.routes.js","statementMap":{"0":{"start":{"line":1,"column":16},"end":{"line":1,"column":34}},"1":{"start":{"line":2,"column":26},"end":{"line":2,"column":72}},"2":{"start":{"line":4,"column":21},"end":{"line":4,"column":37}},"3":{"start":{"line":102,"column":0},"end":{"line":102,"column":64}},"4":{"start":{"line":103,"column":0},"end":{"line":103,"column":63}},"5":{"start":{"line":130,"column":0},"end":{"line":130,"column":68}},"6":{"start":{"line":131,"column":0},"end":{"line":131,"column":70}},"7":{"start":{"line":150,"column":0},"end":{"line":150,"column":69}},"8":{"start":{"line":152,"column":0},"end":{"line":152,"column":30}}},"fnMap":{},"branchMap":{},"s":{"0":1,"1":1,"2":1,"3":1,"4":1,"5":1,"6":1,"7":1,"8":1},"f":{},"b":{},"_coverageSchema":"1a1c01bbd47fc00a2c39e90264f33305004495a9","hash":"90579c5fd1482b3f072723962bac28402e4a8373"}
,"C:\\Users\\admin\\Desktop\\ANDELA\\my_BRAND_BackEnd_Martha\\src\\routes\\user.routes.js": {"path":"C:\\Users\\admin\\Desktop\\ANDELA\\my_BRAND_BackEnd_Martha\\src\\routes\\user.routes.js","statementMap":{"0":{"start":{"line":1,"column":16},"end":{"line":1,"column":34}},"1":{"start":{"line":2,"column":23},"end":{"line":2,"column":66}},"2":{"start":{"line":3,"column":13},"end":{"line":3,"column":58}},"3":{"start":{"line":4,"column":20},"end":{"line":4,"column":61}},"4":{"start":{"line":6,"column":18},"end":{"line":6,"column":34}},"5":{"start":{"line":131,"column":0},"end":{"line":131,"column":47}},"6":{"start":{"line":132,"column":0},"end":{"line":132,"column":53}},"7":{"start":{"line":133,"column":0},"end":{"line":133,"column":70}},"8":{"start":{"line":162,"column":0},"end":{"line":162,"column":79}},"9":{"start":{"line":163,"column":0},"end":{"line":163,"column":76}},"10":{"start":{"line":181,"column":0},"end":{"line":181,"column":76}},"11":{"start":{"line":183,"column":0},"end":{"line":183,"column":26}}},"fnMap":{},"branchMap":{},"s":{"0":1,"1":1,"2":1,"3":1,"4":1,"5":1,"6":1,"7":1,"8":1,"9":1,"10":1,"11":1},"f":{},"b":{},"_coverageSchema":"1a1c01bbd47fc00a2c39e90264f33305004495a9","hash":"92466953a96616fd89b7d9f047af4c2530e67973"}
}
