TN:
SF:index.js
FN:56,(anonymous_0)
FN:62,(anonymous_1)
FN:67,(anonymous_2)
FN:70,(anonymous_3)
FNF:4
FNH:0
FNDA:0,(anonymous_0)
FNDA:0,(anonymous_1)
FNDA:0,(anonymous_2)
FNDA:0,(anonymous_3)
DA:1,1
DA:2,1
DA:4,1
DA:5,1
DA:6,1
DA:7,1
DA:8,1
DA:9,1
DA:11,1
DA:12,1
DA:13,1
DA:17,1
DA:18,1
DA:21,1
DA:55,1
DA:56,1
DA:58,0
DA:59,0
DA:61,0
DA:62,0
DA:63,0
DA:65,0
DA:67,0
DA:68,0
DA:71,0
DA:74,1
LF:26
LH:17
BRF:0
BRH:0
end_of_record
TN:
SF:src\controller\blog.controller.js
FN:4,(anonymous_0)
FN:21,(anonymous_1)
FN:44,(anonymous_2)
FN:59,(anonymous_3)
FN:72,(anonymous_4)
FNF:5
FNH:0
FNDA:0,(anonymous_0)
FNDA:0,(anonymous_1)
FNDA:0,(anonymous_2)
FNDA:0,(anonymous_3)
FNDA:0,(anonymous_4)
DA:1,1
DA:5,0
DA:8,0
DA:14,0
DA:15,0
DA:18,0
DA:22,0
DA:26,0
DA:33,0
DA:38,0
DA:45,0
DA:47,0
DA:48,0
DA:53,0
DA:60,0
DA:62,0
DA:63,0
DA:68,0
DA:73,0
DA:75,0
DA:76,0
DA:82,0
DA:86,1
LF:23
LH:2
BRF:0
BRH:0
end_of_record
TN:
SF:src\controller\message.controller.js
FN:5,(anonymous_0)
FN:23,(anonymous_1)
FN:33,(anonymous_2)
FN:43,(anonymous_3)
FN:59,(anonymous_4)
FNF:5
FNH:0
FNDA:0,(anonymous_0)
FNDA:0,(anonymous_1)
FNDA:0,(anonymous_2)
FNDA:0,(anonymous_3)
FNDA:0,(anonymous_4)
DA:1,1
DA:6,0
DA:7,0
DA:14,0
DA:15,0
DA:16,0
DA:18,0
DA:24,0
DA:25,0
DA:26,0
DA:28,0
DA:34,0
DA:35,0
DA:36,0
DA:38,0
DA:44,0
DA:46,0
DA:47,0
DA:53,0
DA:60,0
DA:64,0
DA:73,0
DA:78,0
DA:85,1
LF:24
LH:2
BRF:0
BRH:0
end_of_record
TN:
SF:src\controller\user.controller.js
FN:7,(anonymous_0)
FN:38,(anonymous_1)
FN:77,(anonymous_2)
FN:102,(anonymous_3)
FN:117,(anonymous_4)
FN:132,(anonymous_5)
FNF:6
FNH:0
FNDA:0,(anonymous_0)
FNDA:0,(anonymous_1)
FNDA:0,(anonymous_2)
FNDA:0,(anonymous_3)
FNDA:0,(anonymous_4)
FNDA:0,(anonymous_5)
DA:1,1
DA:2,1
DA:3,1
DA:9,0
DA:11,0
DA:13,0
DA:15,0
DA:17,0
DA:23,0
DA:24,0
DA:28,0
DA:31,0
DA:39,0
DA:42,0
DA:44,0
DA:45,0
DA:51,0
DA:52,0
DA:53,0
DA:59,0
DA:62,0
DA:64,0
DA:70,0
DA:78,0
DA:80,0
DA:81,0
DA:82,0
DA:86,0
DA:89,0
DA:94,0
DA:103,0
DA:104,0
DA:105,0
DA:110,0
DA:118,0
DA:119,0
DA:120,0
DA:122,0
DA:123,0
DA:126,0
DA:128,0
DA:133,0
DA:134,0
DA:135,0
DA:136,0
DA:138,0
DA:139,0
DA:141,0
DA:146,1
LF:49
LH:4
BRDA:44,0,0,0
BRDA:44,0,1,0
BRDA:52,1,0,0
BRDA:52,1,1,0
BRDA:81,2,0,0
BRDA:81,2,1,0
BRDA:118,3,0,0
BRDA:118,3,1,0
BRDA:135,4,0,0
BRDA:135,4,1,0
BRF:10
BRH:0
end_of_record
TN:
SF:src\database\dataBase.js
FN:2,(anonymous_0)
FNF:1
FNH:1
FNDA:1,(anonymous_0)
DA:1,1
DA:2,1
DA:3,1
DA:5,1
DA:6,1
DA:11,0
DA:14,0
DA:19,1
LF:8
LH:6
BRF:0
BRH:0
end_of_record
TN:
SF:src\middleware\Models\blog.model.js
FNF:0
FNH:0
DA:2,1
DA:4,1
DA:21,1
DA:23,1
LF:4
LH:4
BRF:0
BRH:0
end_of_record
TN:
SF:src\middleware\Models\message.model.js
FNF:0
FNH:0
DA:1,1
DA:3,1
DA:30,1
DA:32,1
LF:4
LH:4
BRF:0
BRH:0
end_of_record
TN:
SF:src\middleware\Models\user.model.js
FNF:0
FNH:0
DA:1,1
DA:4,1
DA:43,1
DA:44,1
LF:4
LH:4
BRF:0
BRH:0
end_of_record
TN:
SF:src\middlewares\verify.admin.js
FN:7,(anonymous_0)
FNF:1
FNH:0
FNDA:0,(anonymous_0)
DA:1,1
DA:2,1
DA:3,1
DA:4,1
DA:7,1
DA:9,0
DA:10,0
DA:11,0
DA:16,0
DA:17,0
DA:18,0
DA:20,0
DA:21,0
DA:23,0
DA:24,0
DA:30,0
DA:32,0
DA:39,1
LF:18
LH:6
BRDA:10,0,0,0
BRDA:10,0,1,0
BRDA:23,1,0,0
BRDA:23,1,1,0
BRF:4
BRH:0
end_of_record
TN:
SF:src\routes\blog.routes.js
FNF:0
FNH:0
DA:1,1
DA:2,1
DA:3,1
DA:4,1
DA:93,1
DA:94,1
DA:120,1
DA:121,1
DA:140,1
DA:143,1
LF:10
LH:10
BRF:0
BRH:0
end_of_record
TN:
SF:src\routes\message.routes.js
FNF:0
FNH:0
DA:1,1
DA:2,1
DA:4,1
DA:102,1
DA:103,1
DA:130,1
DA:131,1
DA:150,1
DA:152,1
LF:9
LH:9
BRF:0
BRH:0
end_of_record
TN:
SF:src\routes\user.routes.js
FNF:0
FNH:0
DA:1,1
DA:2,1
DA:3,1
DA:4,1
DA:6,1
DA:131,1
DA:132,1
DA:133,1
DA:162,1
DA:163,1
DA:181,1
DA:183,1
LF:12
LH:12
BRF:0
BRH:0
end_of_record
