TN:
SF:index.js
FN:22,(anonymous_0)
FN:31,(anonymous_1)
FN:40,(anonymous_2)
FN:49,(anonymous_3)
FN:60,(anonymous_4)
FN:69,(anonymous_5)
FN:78,(anonymous_6)
FN:87,(anonymous_7)
FN:97,(anonymous_8)
FN:106,(anonymous_9)
FN:115,(anonymous_10)
FN:124,(anonymous_11)
FN:170,(anonymous_12)
FN:176,(anonymous_13)
FN:181,(anonymous_14)
FN:184,(anonymous_15)
FNF:16
FNH:12
FNDA:7,(anonymous_0)
FNDA:3,(anonymous_1)
FNDA:3,(anonymous_2)
FNDA:3,(anonymous_3)
FNDA:7,(anonymous_4)
FNDA:3,(anonymous_5)
FNDA:3,(anonymous_6)
FNDA:3,(anonymous_7)
FNDA:6,(anonymous_8)
FNDA:3,(anonymous_9)
FNDA:3,(anonymous_10)
FNDA:3,(anonymous_11)
FNDA:0,(anonymous_12)
FNDA:0,(anonymous_13)
FNDA:0,(anonymous_14)
FNDA:0,(anonymous_15)
DA:1,3
DA:2,3
DA:3,3
DA:4,3
DA:5,3
DA:6,3
DA:7,3
DA:8,3
DA:9,3
DA:11,3
DA:12,3
DA:13,3
DA:16,3
DA:17,3
DA:18,3
DA:22,3
DA:23,7
DA:24,7
DA:25,4
DA:26,4
DA:29,3
DA:31,3
DA:32,3
DA:33,3
DA:34,0
DA:35,0
DA:38,3
DA:40,3
DA:41,3
DA:42,3
DA:43,0
DA:44,0
DA:47,3
DA:49,3
DA:50,3
DA:51,3
DA:52,0
DA:53,0
DA:56,3
DA:60,3
DA:61,7
DA:62,7
DA:63,4
DA:64,4
DA:67,3
DA:69,3
DA:70,3
DA:71,3
DA:72,0
DA:73,0
DA:76,3
DA:78,3
DA:79,3
DA:80,3
DA:81,0
DA:82,0
DA:85,3
DA:87,3
DA:88,3
DA:89,3
DA:90,0
DA:91,0
DA:94,3
DA:97,3
DA:98,6
DA:99,6
DA:100,3
DA:101,3
DA:104,3
DA:106,3
DA:107,3
DA:108,3
DA:109,0
DA:110,0
DA:113,3
DA:115,3
DA:116,3
DA:117,3
DA:118,0
DA:119,0
DA:122,3
DA:124,3
DA:125,3
DA:126,3
DA:127,0
DA:128,0
DA:131,3
DA:135,3
DA:169,3
DA:170,3
DA:172,0
DA:173,0
DA:175,0
DA:176,0
DA:177,0
DA:179,0
DA:181,0
DA:182,0
DA:185,0
DA:188,3
LF:100
LH:73
BRDA:24,0,0,4
BRDA:24,0,1,3
BRDA:24,1,0,7
BRDA:24,1,1,4
BRDA:24,1,2,3
BRDA:33,2,0,0
BRDA:33,2,1,3
BRDA:33,3,0,3
BRDA:33,3,1,3
BRDA:33,3,2,3
BRDA:42,4,0,0
BRDA:42,4,1,3
BRDA:42,5,0,3
BRDA:42,5,1,3
BRDA:51,6,0,0
BRDA:51,6,1,3
BRDA:51,7,0,3
BRDA:51,7,1,3
BRDA:51,7,2,3
BRDA:62,8,0,4
BRDA:62,8,1,3
BRDA:62,9,0,7
BRDA:62,9,1,4
BRDA:62,9,2,3
BRDA:62,9,3,3
BRDA:71,10,0,0
BRDA:71,10,1,3
BRDA:71,11,0,3
BRDA:71,11,1,3
BRDA:71,11,2,3
BRDA:71,11,3,3
BRDA:80,12,0,0
BRDA:80,12,1,3
BRDA:80,13,0,3
BRDA:80,13,1,3
BRDA:80,13,2,3
BRDA:80,13,3,3
BRDA:89,14,0,0
BRDA:89,14,1,3
BRDA:89,15,0,3
BRDA:89,15,1,3
BRDA:89,15,2,3
BRDA:89,15,3,3
BRDA:99,16,0,3
BRDA:99,16,1,3
BRDA:99,17,0,6
BRDA:99,17,1,4
BRDA:108,18,0,0
BRDA:108,18,1,3
BRDA:108,19,0,3
BRDA:108,19,1,3
BRDA:117,20,0,0
BRDA:117,20,1,3
BRDA:117,21,0,3
BRDA:117,21,1,3
BRDA:126,22,0,0
BRDA:126,22,1,3
BRDA:126,23,0,3
BRDA:126,23,1,3
BRF:59
BRH:50
end_of_record
TN:
SF:src\controller\blog.controller.js
FN:4,(anonymous_0)
FN:21,(anonymous_1)
FN:44,(anonymous_2)
FN:59,(anonymous_3)
FN:72,(anonymous_4)
FNF:5
FNH:0
FNDA:0,(anonymous_0)
FNDA:0,(anonymous_1)
FNDA:0,(anonymous_2)
FNDA:0,(anonymous_3)
FNDA:0,(anonymous_4)
DA:1,3
DA:5,0
DA:8,0
DA:14,0
DA:15,0
DA:18,0
DA:22,0
DA:26,0
DA:33,0
DA:38,0
DA:45,0
DA:47,0
DA:48,0
DA:53,0
DA:60,0
DA:62,0
DA:63,0
DA:68,0
DA:73,0
DA:75,0
DA:76,0
DA:82,0
DA:86,3
LF:23
LH:2
BRF:0
BRH:0
end_of_record
TN:
SF:src\controller\message.controller.js
FN:5,(anonymous_0)
FN:23,(anonymous_1)
FN:33,(anonymous_2)
FN:43,(anonymous_3)
FN:59,(anonymous_4)
FNF:5
FNH:0
FNDA:0,(anonymous_0)
FNDA:0,(anonymous_1)
FNDA:0,(anonymous_2)
FNDA:0,(anonymous_3)
FNDA:0,(anonymous_4)
DA:1,3
DA:6,0
DA:7,0
DA:14,0
DA:15,0
DA:16,0
DA:18,0
DA:24,0
DA:25,0
DA:26,0
DA:28,0
DA:34,0
DA:35,0
DA:36,0
DA:38,0
DA:44,0
DA:46,0
DA:47,0
DA:53,0
DA:60,0
DA:64,0
DA:73,0
DA:78,0
DA:85,3
LF:24
LH:2
BRF:0
BRH:0
end_of_record
TN:
SF:src\controller\user.controller.js
FN:7,(anonymous_0)
FN:38,(anonymous_1)
FN:77,(anonymous_2)
FN:102,(anonymous_3)
FN:117,(anonymous_4)
FN:132,(anonymous_5)
FNF:6
FNH:0
FNDA:0,(anonymous_0)
FNDA:0,(anonymous_1)
FNDA:0,(anonymous_2)
FNDA:0,(anonymous_3)
FNDA:0,(anonymous_4)
FNDA:0,(anonymous_5)
DA:1,3
DA:2,3
DA:3,3
DA:9,0
DA:11,0
DA:13,0
DA:15,0
DA:17,0
DA:23,0
DA:24,0
DA:28,0
DA:31,0
DA:39,0
DA:42,0
DA:44,0
DA:45,0
DA:51,0
DA:52,0
DA:53,0
DA:59,0
DA:62,0
DA:64,0
DA:70,0
DA:78,0
DA:80,0
DA:81,0
DA:82,0
DA:86,0
DA:89,0
DA:94,0
DA:103,0
DA:104,0
DA:105,0
DA:110,0
DA:118,0
DA:119,0
DA:120,0
DA:122,0
DA:123,0
DA:126,0
DA:128,0
DA:133,0
DA:134,0
DA:135,0
DA:136,0
DA:138,0
DA:139,0
DA:141,0
DA:146,3
LF:49
LH:4
BRDA:44,0,0,0
BRDA:44,0,1,0
BRDA:44,1,0,0
BRDA:44,1,1,0
BRDA:52,2,0,0
BRDA:52,2,1,0
BRDA:81,3,0,0
BRDA:81,3,1,0
BRDA:118,4,0,0
BRDA:118,4,1,0
BRDA:135,5,0,0
BRDA:135,5,1,0
BRF:12
BRH:0
end_of_record
TN:
SF:src\database\dataBase.js
FN:2,(anonymous_0)
FNF:1
FNH:1
FNDA:3,(anonymous_0)
DA:1,3
DA:2,3
DA:3,3
DA:5,3
DA:6,3
DA:11,0
DA:14,0
DA:19,3
LF:8
LH:6
BRF:0
BRH:0
end_of_record
TN:
SF:src\middleware\Models\blog.model.js
FNF:0
FNH:0
DA:2,3
DA:4,3
DA:18,3
DA:20,3
LF:4
LH:4
BRF:0
BRH:0
end_of_record
TN:
SF:src\middleware\Models\message.model.js
FNF:0
FNH:0
DA:1,3
DA:3,3
DA:28,3
DA:30,3
LF:4
LH:4
BRF:0
BRH:0
end_of_record
TN:
SF:src\middleware\Models\user.model.js
FNF:0
FNH:0
DA:1,3
DA:4,3
DA:42,3
DA:43,3
DA:44,3
LF:5
LH:5
BRF:0
BRH:0
end_of_record
TN:
SF:src\middlewares\verify.admin.js
FN:7,(anonymous_0)
FN:21,(anonymous_1)
FNF:2
FNH:0
FNDA:0,(anonymous_0)
FNDA:0,(anonymous_1)
DA:1,3
DA:2,3
DA:3,3
DA:4,3
DA:7,3
DA:8,0
DA:11,0
DA:12,0
DA:14,0
DA:16,0
DA:21,0
DA:23,0
DA:27,0
DA:28,0
DA:29,0
DA:35,0
DA:37,0
DA:38,0
DA:39,0
DA:41,0
DA:42,0
DA:48,0
DA:52,0
DA:59,3
LF:24
LH:6
BRDA:14,0,0,0
BRDA:14,0,1,0
BRDA:27,1,0,0
BRDA:27,1,1,0
BRDA:41,2,0,0
BRDA:41,2,1,0
BRF:6
BRH:0
end_of_record
TN:
SF:src\routes\blog.routes.js
FNF:0
FNH:0
DA:1,3
DA:2,3
DA:3,3
DA:4,3
DA:93,3
DA:94,3
DA:120,3
DA:121,3
DA:140,3
DA:143,3
LF:10
LH:10
BRF:0
BRH:0
end_of_record
TN:
SF:src\routes\message.routes.js
FNF:0
FNH:0
DA:1,3
DA:2,3
DA:4,3
DA:102,3
DA:103,3
DA:130,3
DA:131,3
DA:150,3
DA:152,3
LF:9
LH:9
BRF:0
BRH:0
end_of_record
TN:
SF:src\routes\user.routes.js
FNF:0
FNH:0
DA:1,3
DA:2,3
DA:3,3
DA:4,3
DA:6,3
DA:131,3
DA:132,3
DA:133,3
DA:162,3
DA:163,3
DA:181,3
DA:183,3
LF:12
LH:12
BRF:0
BRH:0
end_of_record
